#lc
4 8
Grand_Slam 2000 1200 720 360 180 90 45 10
Masters_1000 1000 600 360 180 90 45 25 10
ATP_500 500 300 180 90 45 20 0 0
ATP_250 250 150 90 45 20 0 0 0
#lt
10
Barcelona ATP_500
Cincinnati Masters_1000
Estoril ATP_250
Indian_Wells Masters_1000
New_York Masters_1000
Paris Masters_1000
Torneo_Mundial Grand_Slam
Torneo_Municipal ATP_250
Torneo_Nacional ATP_500
Wimbledon Grand_Slam
#lr
1 Hugo 0
2 Mateo 0
3 Martín 0
4 Lucas 0
5 Leo 0
6 Daniel 0
7 Alejandro 0
8 Manuel 0
9 Pablo 0
10 Álvaro 0
11 Adrián 0
12 Enzo 0
13 Mario 0
14 Diego 0
15 David 0
16 Oliver 0
17 Marcos 0
18 Thiago 0
19 Marco 0
20 Álex 0
21 Javier 0
22 Izan 0
23 Bruno 0
24 Miguel 0
25 Antonio 0
26 Gonzalo 0
27 Liam 0
28 Gael 0
29 Marc 0
30 Carlos 0
31 Juan 0
32 Ángel 0
33 Dylan 0
34 Nicolás 0
35 José 0
36 Sergio 0
37 Gabriel 0
38 Luca 0
39 Jorge 0
40 Darío 0
41 Íker 0
42 Samuel 0
43 Eric 0
44 Adam 0
45 Héctor 0
46 Francisco 0
47 Rodrigo 0
48 Jesús 0
49 Erik 0
50 Amir 0
#it Barcelona
(((((1.Hugo 32.Ángel) (16.Oliver 17.Marcos)) ((8.Manuel 25.Antonio) (9.Pablo 24.Miguel))) (((4.Lucas 29.Marc) (13.Mario 20.Álex)) ((5.Leo 28.Gael) (12.Enzo 21.Javier)))) ((((2.Mateo 31.Juan) (15.David 18.Thiago)) ((7.Alejandro 26.Gonzalo) (10.Álvaro 23.Bruno))) (((3.Martín 30.Carlos) (14.Diego 19.Marco)) ((6.Daniel 27.Liam) (11.Adrián 22.Izan)))))
#nj Elias
51
#ft Barcelona
(1.Hugo vs 2.Mateo 4-6,6-3,4-6(1.Hugo vs 4.Lucas 6-3,7-6(1.Hugo vs 9.Pablo 6-2,6-4(1.Hugo vs 17.Marcos 6-3,6-1(1.Hugo vs 32.Ángel 6-0,6-1)(16.Oliver vs 17.Marcos 5-7,3-6))(8.Manuel vs 9.Pablo 6-3,6-7,6-7(8.Manuel vs 25.Antonio 6-4,6-4)(9.Pablo vs 24.Miguel 6-7,6-2,6-2)))(4.Lucas vs 28.Gael 3-6,6-4,7-5(4.Lucas vs 20.Álex 7-5,7-5(4.Lucas vs 29.Marc 6-1,6-2)(13.Mario vs 20.Álex 5-7,3-6))(28.Gael vs 21.Javier 7-5,3-6,6-3(5.Leo vs 28.Gael 4-6,5-7)(12.Enzo vs 21.Javier 5-7,3-6))))(2.Mateo vs 3.Martín 7-6,7-6(2.Mateo vs 23.Bruno 6-3,3-6,6-3(2.Mateo vs 18.Thiago 1-0(2.Mateo vs 31.Juan 6-2,6-4)(15.David vs 18.Thiago 0-1))(7.Alejandro vs 23.Bruno 6-7,6-4,5-7(7.Alejandro vs 26.Gonzalo 6-1,6-1)(10.Álvaro vs 23.Bruno 5-7,3-6)))(3.Martín vs 27.Liam 5-7,6-3,6-0(3.Martín vs 19.Marco 6-4,7-6(3.Martín vs 30.Carlos 6-0,6-1)(14.Diego vs 19.Marco 6-4,5-7,3-6))(27.Liam vs 11.Adrián 6-3,6-4(6.Daniel vs 27.Liam 0-1)(11.Adrián vs 22.Izan 6-4,6-1)))))
1.Hugo 300
2.Mateo 500
3.Martín 180
4.Lucas 180
5.Leo 20
6.Daniel 20
7.Alejandro 45
8.Manuel 45
9.Pablo 90
10.Álvaro 20
11.Adrián 45
12.Enzo 20
13.Mario 20
14.Diego 20
15.David 20
16.Oliver 20
17.Marcos 45
18.Thiago 45
19.Marco 45
20.Álex 45
21.Javier 45
22.Izan 20
23.Bruno 90
24.Miguel 20
25.Antonio 20
26.Gonzalo 20
27.Liam 90
28.Gael 90
29.Marc 20
30.Carlos 20
31.Juan 20
32.Ángel 20
#it Torneo_Municipal
(((((1.Mateo 32.Héctor) (16.Javier 17.Leo)) ((8.Gael 25.Luca) (9.Alejandro 24.Gabriel))) (((4.Lucas 29.Samuel) (13.Thiago 20.Dylan)) ((5.Pablo 28.Íker) (12.Marcos 21.Nicolás)))) ((((2.Hugo 31.Adam) (15.Álex 18.Daniel)) ((7.Liam 26.Jorge) (10.Manuel 23.Sergio))) (((3.Martín 30.Eric) (14.Marco 19.Ángel)) ((6.Bruno 27.Darío) (11.Adrián 22.José)))))
#lr
1 Mateo 500
2 Hugo 300
3 Martín 180
4 Lucas 180
5 Pablo 90
6 Bruno 90
7 Liam 90
8 Gael 90
9 Alejandro 45
10 Manuel 45
11 Adrián 45
12 Marcos 45
13 Thiago 45
14 Marco 45
15 Álex 45
16 Javier 45
17 Leo 20
18 Daniel 20
19 Álvaro 20
20 Enzo 20
21 Mario 20
22 Diego 20
23 David 20
24 Oliver 20
25 Izan 20
26 Miguel 20
27 Antonio 20
28 Gonzalo 20
29 Marc 20
30 Carlos 20
31 Juan 20
32 Ángel 20
33 Dylan 0
34 Nicolás 0
35 José 0
36 Sergio 0
37 Gabriel 0
38 Luca 0
39 Jorge 0
40 Darío 0
41 Íker 0
42 Samuel 0
43 Eric 0
44 Adam 0
45 Héctor 0
46 Francisco 0
47 Rodrigo 0
48 Jesús 0
49 Erik 0
50 Amir 0
51 Elias 0
#bt Torneo_Municipal
9
#lr
1 Mateo 500
2 Hugo 300
3 Martín 180
4 Lucas 180
5 Pablo 90
6 Bruno 90
7 Liam 90
8 Gael 90
9 Alejandro 45
10 Manuel 45
11 Adrián 45
12 Marcos 45
13 Thiago 45
14 Marco 45
15 Álex 45
16 Javier 45
17 Leo 20
18 Daniel 20
19 Álvaro 20
20 Enzo 20
21 Mario 20
22 Diego 20
23 David 20
24 Oliver 20
25 Izan 20
26 Miguel 20
27 Antonio 20
28 Gonzalo 20
29 Marc 20
30 Carlos 20
31 Juan 20
32 Ángel 20
33 Dylan 0
34 Nicolás 0
35 José 0
36 Sergio 0
37 Gabriel 0
38 Luca 0
39 Jorge 0
40 Darío 0
41 Íker 0
42 Samuel 0
43 Eric 0
44 Adam 0
45 Héctor 0
46 Francisco 0
47 Rodrigo 0
48 Jesús 0
49 Erik 0
50 Amir 0
51 Elias 0
#nt Torneo_Municipal 3
10
#lr
1 Mateo 500
2 Hugo 300
3 Martín 180
4 Lucas 180
5 Pablo 90
6 Bruno 90
7 Liam 90
8 Gael 90
9 Alejandro 45
10 Manuel 45
11 Adrián 45
12 Marcos 45
13 Thiago 45
14 Marco 45
15 Álex 45
16 Javier 45
17 Leo 20
18 Daniel 20
19 Álvaro 20
20 Enzo 20
21 Mario 20
22 Diego 20
23 David 20
24 Oliver 20
25 Izan 20
26 Miguel 20
27 Antonio 20
28 Gonzalo 20
29 Marc 20
30 Carlos 20
31 Juan 20
32 Ángel 20
33 Dylan 0
34 Nicolás 0
35 José 0
36 Sergio 0
37 Gabriel 0
38 Luca 0
39 Jorge 0
40 Darío 0
41 Íker 0
42 Samuel 0
43 Eric 0
44 Adam 0
45 Héctor 0
46 Francisco 0
47 Rodrigo 0
48 Jesús 0
49 Erik 0
50 Amir 0
51 Elias 0
#it Torneo_Municipal
(((((1.Mateo 32.Samuel) (16.Diego 17.David)) ((8.Gael 25.José) (9.Marcos 24.Carlos))) (((4.Lucas 29.Jorge) (13.Javier 20.Miguel)) ((5.Pablo 28.Luca) (12.Álex 21.Antonio)))) ((((2.Hugo 31.Íker) (15.Mario 18.Oliver)) ((7.Liam 26.Sergio) (10.Thiago 23.Marc))) (((3.Martín 30.Darío) (14.Enzo 19.Izan)) ((6.Bruno 27.Gabriel) (11.Marco 22.Gonzalo)))))
#lr
1 Mateo 500
2 Hugo 300
3 Martín 180
4 Lucas 180
5 Pablo 90
6 Bruno 90
7 Liam 90
8 Gael 90
9 Alejandro 45
10 Manuel 45
11 Adrián 45
12 Marcos 45
13 Thiago 45
14 Marco 45
15 Álex 45
16 Javier 45
17 Leo 20
18 Daniel 20
19 Álvaro 20
20 Enzo 20
21 Mario 20
22 Diego 20
23 David 20
24 Oliver 20
25 Izan 20
26 Miguel 20
27 Antonio 20
28 Gonzalo 20
29 Marc 20
30 Carlos 20
31 Juan 20
32 Ángel 20
33 Dylan 0
34 Nicolás 0
35 José 0
36 Sergio 0
37 Gabriel 0
38 Luca 0
39 Jorge 0
40 Darío 0
41 Íker 0
42 Samuel 0
43 Eric 0
44 Adam 0
45 Héctor 0
46 Francisco 0
47 Rodrigo 0
48 Jesús 0
49 Erik 0
50 Amir 0
51 Elias 0
#ft Torneo_Municipal
(1.Mateo vs 2.Hugo 4-6,6-3,4-6(1.Mateo vs 4.Lucas 6-3,7-6(1.Mateo vs 9.Marcos 6-2,6-4(1.Mateo vs 17.David 6-3,6-1(1.Mateo vs 32.Samuel 6-0,6-1)(16.Diego vs 17.David 5-7,3-6))(8.Gael vs 9.Marcos 6-3,6-7,6-7(8.Gael vs 25.José 6-4,6-4)(9.Marcos vs 24.Carlos 6-7,6-2,6-2)))(4.Lucas vs 28.Luca 3-6,6-4,7-5(4.Lucas vs 20.Miguel 7-5,7-5(4.Lucas vs 29.Jorge 6-1,2-6,6-3)(13.Javier vs 20.Miguel 5-7,3-6))(28.Luca vs 21.Antonio 7-5,3-6,6-3(5.Pablo vs 28.Luca 4-6,5-7)(12.Álex vs 21.Antonio 5-7,3-6))))(2.Hugo vs 3.Martín 7-6,7-6(2.Hugo vs 23.Marc 6-3,3-6,6-3(2.Hugo vs 18.Oliver 1-0(2.Hugo vs 31.Íker 6-2,6-4)(15.Mario vs 18.Oliver 0-1))(7.Liam vs 23.Marc 6-7,6-4,5-7(7.Liam vs 26.Sergio 6-1,6-1)(10.Thiago vs 23.Marc 5-7,3-6)))(3.Martín vs 27.Gabriel 5-7,6-3,6-0(3.Martín vs 19.Izan 6-4,7-6(3.Martín vs 30.Darío 6-0,6-1)(14.Enzo vs 19.Izan 6-4,5-7,3-6))(27.Gabriel vs 11.Marco 6-3,6-4(6.Bruno vs 27.Gabriel 0-1)(11.Marco vs 22.Gonzalo 6-4,6-1)))))
1.Mateo 300
2.Hugo 500
3.Martín 180
4.Lucas 180
5.Pablo 20
6.Bruno 20
7.Liam 45
8.Gael 45
9.Marcos 90
10.Thiago 20
11.Marco 45
12.Álex 20
13.Javier 20
14.Enzo 20
15.Mario 20
16.Diego 20
17.David 45
18.Oliver 45
19.Izan 45
20.Miguel 45
21.Antonio 45
22.Gonzalo 20
23.Marc 90
24.Carlos 20
25.José 20
26.Sergio 20
27.Gabriel 90
28.Luca 90
29.Jorge 20
30.Darío 20
31.Íker 20
32.Samuel 20
#it Torneo_Mundial
(((((1.Mateo 32.Álvaro) (16.Javier 17.David)) ((8.Pablo 25.Enzo) (9.Bruno 24.Adrián))) (((4.Lucas 29.Carlos) (13.Luca 20.Miguel)) ((5.Liam 28.Gonzalo) (12.Gabriel 21.Antonio)))) ((((2.Hugo 31.Daniel) (15.Álex 18.Oliver)) ((7.Marcos 26.Mario) (10.Marc 23.Manuel))) (((3.Martín 30.Leo) (14.Thiago 19.Izan)) ((6.Gael 27.Diego) (11.Marco 22.Alejandro)))))
#it Barcelona
(((((1.Mateo 32.Álvaro) (16.Javier 17.David)) ((8.Pablo 25.Enzo) (9.Bruno 24.Adrián))) (((4.Lucas 29.Carlos) (13.Luca 20.Miguel)) ((5.Liam 28.Gonzalo) (12.Gabriel 21.Antonio)))) ((((2.Hugo 31.Daniel) (15.Álex 18.Oliver)) ((7.Marcos 26.Mario) (10.Marc 23.Manuel))) (((3.Martín 30.Leo) (14.Thiago 19.Izan)) ((6.Gael 27.Diego) (11.Marco 22.Alejandro)))))
#bj Luca
50
#bj Jorge
49
#bj Darío
48
#bj Íker
47
#bj Samuel
46
#bj Eric
45
#bj Adam
44
#bj Héctor
43
#bj Francisco
42
#bj Rodrigo
41
#lr
1 Mateo 800
2 Hugo 800
3 Martín 360
4 Lucas 360
5 Liam 135
6 Gael 135
7 Marcos 135
8 Pablo 110
9 Bruno 110
10 Marc 110
11 Marco 90
12 Gabriel 90
13 Thiago 65
14 Álex 65
15 Javier 65
16 David 65
17 Oliver 65
18 Izan 65
19 Miguel 65
20 Antonio 65
21 Alejandro 45
22 Manuel 45
23 Adrián 45
24 Enzo 40
25 Mario 40
26 Diego 40
27 Gonzalo 40
28 Carlos 40
29 Leo 20
30 Daniel 20
31 Álvaro 20
32 Juan 20
33 Ángel 20
34 José 20
35 Sergio 20
36 Dylan 0
37 Nicolás 0
38 Jesús 0
39 Erik 0
40 Amir 0
41 Elias 0
#nj Luca
42
#nj Jorge
43
#nj Darío
44
#nj Íker
45
#nj Francisco
46
#nj Rodrigo
47
#lr
1 Mateo 800
2 Hugo 800
3 Martín 360
4 Lucas 360
5 Liam 135
6 Gael 135
7 Marcos 135
8 Pablo 110
9 Bruno 110
10 Marc 110
11 Marco 90
12 Gabriel 90
13 Thiago 65
14 Álex 65
15 Javier 65
16 David 65
17 Oliver 65
18 Izan 65
19 Miguel 65
20 Antonio 65
21 Alejandro 45
22 Manuel 45
23 Adrián 45
24 Enzo 40
25 Mario 40
26 Diego 40
27 Gonzalo 40
28 Carlos 40
29 Leo 20
30 Daniel 20
31 Álvaro 20
32 Juan 20
33 Ángel 20
34 José 20
35 Sergio 20
36 Dylan 0
37 Nicolás 0
38 Jesús 0
39 Erik 0
40 Amir 0
41 Elias 0
42 Luca 0
43 Jorge 0
44 Darío 0
45 Íker 0
46 Francisco 0
47 Rodrigo 0
#ft Torneo_Mundial
(1.Mateo vs 2.Hugo 4-6,6-3,4-6(1.Mateo vs 4.Lucas 6-3,7-6(1.Mateo vs 9.Bruno 6-2,6-4(1.Mateo vs 17.David 6-3,6-1(1.Mateo vs 32.Álvaro 6-0,6-1)(16.Javier vs 17.David 5-7,3-6))(8.Pablo vs 9.Bruno 6-3,6-7,6-7(8.Pablo vs 25.Enzo 6-4,6-4)(9.Bruno vs 24.Adrián 6-7,6-2,6-2)))(4.Lucas vs 28.Gonzalo 3-6,6-4,7-5(4.Lucas vs 20.Miguel 7-5,7-5(4.Lucas vs 29.Carlos 6-1,2-6,6-3)(13.Luca vs 20.Miguel 5-7,3-6))(28.Gonzalo vs 21.Antonio 7-5,3-6,6-3(5.Liam vs 28.Gonzalo 4-6,5-7)(12.Gabriel vs 21.Antonio 5-7,3-6))))(2.Hugo vs 3.Martín 7-6,7-6(2.Hugo vs 23.Manuel 6-3,3-6,6-3(2.Hugo vs 18.Oliver 1-0(2.Hugo vs 31.Daniel 6-2,6-4)(15.Álex vs 18.Oliver 0-1))(7.Marcos vs 23.Manuel 6-7,6-4,5-7(7.Marcos vs 26.Mario 6-1,6-1)(10.Marc vs 23.Manuel 5-7,3-6)))(3.Martín vs 27.Diego 5-7,6-3,6-0(3.Martín vs 19.Izan 6-4,7-6(3.Martín vs 30.Leo 6-0,6-1)(14.Thiago vs 19.Izan 6-4,5-7,3-6))(27.Diego vs 11.Marco 6-3,6-4(6.Gael vs 27.Diego 0-1)(11.Marco vs 22.Alejandro 6-4,6-1)))))
1.Mateo 1200
2.Hugo 2000
3.Martín 720
4.Lucas 720
5.Liam 90
6.Gael 90
7.Marcos 180
8.Pablo 180
9.Bruno 360
10.Marc 90
11.Marco 180
12.Gabriel 90
13.Luca 90
14.Thiago 90
15.Álex 90
16.Javier 90
17.David 180
18.Oliver 180
19.Izan 180
20.Miguel 180
21.Antonio 180
22.Alejandro 90
23.Manuel 360
24.Adrián 90
25.Enzo 90
26.Mario 90
27.Diego 360
28.Gonzalo 360
29.Carlos 90
30.Leo 90
31.Daniel 90
32.Álvaro 90
#lr
1 Hugo 2800
2 Mateo 2000
3 Martín 1080
4 Lucas 1080
5 Bruno 470
6 Manuel 405
7 Diego 400
8 Gonzalo 400
9 Marcos 315
10 Pablo 290
11 Marco 270
12 David 245
13 Oliver 245
14 Izan 245
15 Miguel 245
16 Antonio 245
17 Liam 225
18 Gael 225
19 Marc 200
20 Gabriel 180
21 Thiago 155
22 Álex 155
23 Javier 155
24 Alejandro 135
25 Adrián 135
26 Enzo 130
27 Mario 130
28 Carlos 130
29 Leo 110
30 Daniel 110
31 Álvaro 110
32 Luca 90
33 Juan 20
34 Ángel 20
35 José 20
36 Sergio 20
37 Dylan 0
38 Nicolás 0
39 Jesús 0
40 Erik 0
41 Amir 0
42 Elias 0
43 Jorge 0
44 Darío 0
45 Íker 0
46 Francisco 0
47 Rodrigo 0
#ft Barcelona
(1.Mateo vs 2.Hugo 4-6,6-3,4-6(1.Mateo vs 4.Lucas 6-3,7-6(1.Mateo vs 9.Bruno 6-2,6-4(1.Mateo vs 17.David 6-3,6-1(1.Mateo vs 32.Álvaro 6-0,6-1)(16.Javier vs 17.David 5-7,3-6))(8.Pablo vs 9.Bruno 6-3,6-7,6-7(8.Pablo vs 25.Enzo 6-4,6-4)(9.Bruno vs 24.Adrián 6-7,6-2,6-2)))(4.Lucas vs 28.Gonzalo 3-6,6-4,7-5(4.Lucas vs 20.Miguel 7-5,7-5(4.Lucas vs 29.Carlos 6-1,2-6,6-3)(13.Luca vs 20.Miguel 5-7,3-6))(28.Gonzalo vs 21.Antonio 7-5,3-6,6-3(5.Liam vs 28.Gonzalo 4-6,5-7)(12.Gabriel vs 21.Antonio 5-7,3-6))))(2.Hugo vs 3.Martín 7-6,7-6(2.Hugo vs 23.Manuel 6-3,3-6,6-3(2.Hugo vs 18.Oliver 1-0(2.Hugo vs 31.Daniel 6-2,6-4)(15.Álex vs 18.Oliver 0-1))(7.Marcos vs 23.Manuel 6-7,6-4,5-7(7.Marcos vs 26.Mario 6-1,6-1)(10.Marc vs 23.Manuel 5-7,3-6)))(3.Martín vs 27.Diego 5-7,6-3,6-0(3.Martín vs 19.Izan 6-4,7-6(3.Martín vs 30.Leo 6-0,6-1)(14.Thiago vs 19.Izan 6-4,5-7,3-6))(27.Diego vs 11.Marco 6-3,6-4(6.Gael vs 27.Diego 0-1)(11.Marco vs 22.Alejandro 6-4,6-1)))))
1.Mateo 300
2.Hugo 500
3.Martín 180
4.Lucas 180
5.Liam 20
6.Gael 20
7.Marcos 45
8.Pablo 45
9.Bruno 90
10.Marc 20
11.Marco 45
12.Gabriel 20
13.Luca 20
14.Thiago 20
15.Álex 20
16.Javier 20
17.David 45
18.Oliver 45
19.Izan 45
20.Miguel 45
21.Antonio 45
22.Alejandro 20
23.Manuel 90
24.Adrián 20
25.Enzo 20
26.Mario 20
27.Diego 90
28.Gonzalo 90
29.Carlos 20
30.Leo 20
31.Daniel 20
32.Álvaro 20
#lr
1 Hugo 3000
2 Mateo 1800
3 Martín 1080
4 Lucas 1080
5 Bruno 470
6 Diego 470
7 Gonzalo 470
8 Manuel 450
9 Marcos 315
10 Marco 270
11 David 270
12 Oliver 270
13 Izan 270
14 Miguel 270
15 Antonio 270
16 Pablo 245
17 Marc 200
18 Gabriel 200
19 Liam 155
20 Gael 155
21 Thiago 130
22 Álex 130
23 Javier 130
24 Enzo 130
25 Mario 130
26 Carlos 130
27 Alejandro 110
28 Adrián 110
29 Leo 110
30 Daniel 110
31 Álvaro 110
32 Luca 110
33 José 20
34 Sergio 20
35 Juan 0
36 Ángel 0
37 Dylan 0
38 Nicolás 0
39 Jesús 0
40 Erik 0
41 Amir 0
42 Elias 0
43 Jorge 0
44 Darío 0
45 Íker 0
46 Francisco 0
47 Rodrigo 0
